4 0 117 45 274
4 286 128 177 155
3 296 243 1
3 225 25 175
3 203 93 67
2 275 90
2 216 139
3 113 244 199
3 60 202 250
2 227 271
3 62 268 265
3 148 191 16
3 103 109 30
4 34 158 280 37
3 167 14 78
3 39 253 219
4 224 239 291 215
3 200 48 189
3 125 6 231
3 171 68 143
4 273 50 17 169
3 95 86 196
3 299 284 223
3 259 100 49
3 88 20 149
2 212 211
4 110 170 270 165
4 99 241 35 173
3 75 23 176
2 85 138
2 180 106
3 230 214 135
4 277 236 31 46
2 245 262
3 267 114 153
1 213
3 261 237 288
4 19 147 51 94
3 263 28 71
2 156 205
3 144 269 97
3 107 11 9
3 15 131 186
3 290 254 201
4 92 298 115 208
3 246 26 233
3 159 5 279
3 13 122 104
3 8 140 2
2 161 185
3 4 157 141
3 294 207 229
3 7 53 70
2 80 181
3 72 82 255
3 41 83 151
3 184 160 293
2 249 248
4 87 190 66 183
3 164 209 12
2 54 43
2 116 192
3 168 204 206
3 188 118 152
3 174 3 256
2 232 287
2 96 252
2 226 154
3 91 295 59
3 281 282 84
2 79 10
3 21 163 145
2 57 112
4 129 40 81 272
3 38 197 126
3 44 29 98
3 198 27 278
2 63 289
3 187 73 247
2 18 101
2 285 123
4 56 217 264 52
2 150 242
3 74 283 257
4 105 222 76 47
2 137 119
3 218 111 69
4 193 166 22 292
3 220 195 297
2 276 266
4 58 102 55 77
3 136 121 142
3 260 42 178
4 210 172 235 228
4 24 32 124 251
3 133 258 132
3 162 238 240
4 127 89 120 130
4 134 64 61 194
3 108 146 182
