8 1178 1774 1695 6980 6274 7213 1289 7297
6 2531 5719 9255 3807 7515 7325
13 9913 3566 1365 9896 6712 894 569 4253 1389 6892 3597 2553 5489
14 9733 6403 8407 8177 8844 693 5670 8794 2222 5585 28 9994 5922 752
20 3410 4630 8791 128 7794 65 409 4029 3 2345 6620 4858 4529 6336 2668 5763 6972 2721 9260 5284
20 6807 422 7364 3453 7064 1667 8548 112 4085 6283 4101 800 7260 8360 8632 8881 3183 6157 3460 3343
5 1209 2742 4717 8148 1067
23 2357 5060 9035 8996 461 572 3251 2958 399 8361 7277 7552 3570 4478 8665 2506 717 5681 503 7396 6386 6950 5737
8 9550 6367 3961 7075 3803 5612 7423 185
16 4984 1494 6971 5182 990 8007 396 9355 938 1340 8628 2285 4613 6169 3846 6463
18 6269 102 5920 6596 5815 7999 2831 290 1724 8720 1119 1737 7942 9607 5276 4229 7031 3001
13 3055 3778 8766 9158 3685 1023 8673 3034 3744 287 8867 4367 9597
22 9216 9450 4021 4586 9836 9160 1275 7546 2173 106 253 4547 2365 3177 8068 5739 2282 968 6195 3683 3242 5346
12 4679 1523 578 508 6038 9440 9662 2162 3554 9772 1337 6627
18 3580 8323 6582 8901 2898 8326 5219 2495 2901 7699 4800 8465 4351 5725 7852 6397 9086 6147
18 3693 9842 4206 6677 2366 1455 425 1050 9709 9548 9682 4597 6129 7925 8525 9414 2394 885
11 1090 1227 9845 8023 5803 580 8009 5076 6272 1203 4011
20 7319 9289 415 9297 7724 5394 732 1796 4163 4892 3429 5733 7728 337 1094 7488 6343 1361 5826 977
22 2538 5234 633 1912 2118 6200 7143 4561 2558 4521 8687 9853 1485 8857 5085 3479 5298 4283 6841 2034 491 7563
15 6053 8059 4467 4365 3756 7761 4694 7047 4933 9108 2004 5747 3814 4551 3676
16 9996 1215 6893 4485 313 1030 9167 624 5870 6504 3406 8111 5528 8846 6411 1795
20 8630 3398 5539 8229 9720 3199 8324 1264 527 3811 4988 7455 6478 6353 4107 809 3852 1108 6204 1187
18 6794 8412 5377 6503 4843 4776 7867 816 5360 7418 5080 687 3467 7256 7634 434 486 2962
23 61 9947 1040 6814 2799 8033 3879 1198 3016 7587 6923 104 3351 27 4407 3521 9009 551 7695 9900 6894 4175 5115
17 157 419 8236 2143 4724 9735 4953 3648 1105 5627 8388 890 7495 3315 145 2050 3677
19 1515 9134 3311 2652 4396 5262 6066 5701 1715 7680 1711 9320 2700 5761 4086 5288 4391 1739 3143
18 9976 7346 893 9357 2913 2712 8954 3963 4816 4590 9083 7908 2333 6428 1621 5126 7026 5413
9 4059 4882 9138 1644 523 7379 575 2634 8088
19 4379 1414 9276 6850 3117 8601 6025 3494 5522 3397 2535 5639 2406 2095 9841 4431 9502 5800 3330
5 677 4502 1843 3746 8670
18 5018 211 6815 2989 7236 5658 9335 924 5140 8511 972 2991 8325 3075 8045 7886 9528 1445
17 533 1863 9286 4537 1193 7415 4104 3621 1297 83 612 5553 4527 2555 974 9746 8385
19 3208 6199 9464 8243 7916 5001 2078 4024 5593 6357 4932 467 9422 9107 5100 5327 8729 9521 5897
20 7975 4661 3066 8694 1101 7915 5994 457 9103 3154 839 9565 6820 7743 8248 1753 3285 8223 5397 5956
17 4833 5406 9820 8804 9109 6196 6512 7762 2760 1057 4397 217 7130 6240 384 6108 5344
20 8832 950 8191 1142 4072 4990 9213 4493 6824 7177 7542 9050 5097 8067 2945 6949 9802 597 9826 1665
21 9274 4020 6182 3122 7209 1299 1248 9671 293 8103 385 2854 5724 7608 2944 5421 7646 5129 912 9223 8580
12 1674 5649 3461 1325 7222 695 7411 2483 6372 4647 6224 9998
22 6466 7430 2006 8521 138 9920 680 3233 817 7276 6738 1650 1684 1505 5004 5038 162 2849 2798 8387 3175 6779
20 9544 7759 9495 9586 3862 7894 9205 5915 2246 2680 1053 6904 4639 8037 2242 7279 3165 9174 3561 4956
19 8787 9164 1883 3615 5557 8296 5689 9112 6862 7735 2205 6277 1451 9575 9592 4025 3178 2844 8756
18 4184 2941 4873 248 7574 4969 2187 2320 9209 9449 7250 1535 1317 5795 17 5283 8680 1490
17 2123 8040 4195 9623 2250 2731 2386 5163 326 4044 4617 4663 8419 8359 3339 1237 4006
25 4414 3426 6026 6956 3364 7602 7203 4605 8063 1639 4372 9983 5708 2780 3212 7698 1531 5099 5430 6346 8604 7452 478 6651 3700
20 7198 380 6523 1062 9934 5603 3083 8835 3949 887 531 9208 7923 4362 1959 1943 5328 5251 7269 7056
22 6404 1908 6647 2910 6000 6407 1834 473 8025 2062 9821 3750 3323 1370 2428 6854 7582 2562 1673 6599 3896 8849
23 2296 1527 225 8940 1489 2537 2319 9082 6245 4560 8889 851 5341 330 9275 4076 4166 882 9036 964 238 619 7170
15 6724 856 1311 4615 1568 7120 2121 4291 2412 4439 9995 6668 5246 3062 4465
17 7911 3579 2952 4331 2954 8214 4714 5862 9651 8793 6581 8886 558 1231 4032 3977 6496
22 3025 69 5695 9045 8915 8368 2601 9264 4384 3065 1045 8855 877 4092 7926 3736 8649 8977 3674 798 4009 8781
19 3471 718 1833 1838 8768 4224 6888 3999 5692 285 4734 5133 4730 2364 4505 9122 8732 7583 2083
22 1273 7994 9679 8420 1348 864 7791 6816 2244 6205 3130 7194 1918 9578 7715 6590 8514 4715 7571 1600 7717 1268
19 585 7373 6473 9912 8285 6548 4369 6223 6081 3136 9366 6705 2769 1742 1068 5028 5258 344 4763
20 2576 1313 2585 9497 3901 1353 5043 4344 3454 9816 4359 5268 5911 500 9583 7547 4202 1749 1926 9231
21 9514 9654 3057 1222 4656 6218 7366 5380 3753 5690 8450 6116 3232 801 3473 4822 6947 1964 4572 6899 743
13 9888 1200 554 2181 2327 2338 7847 1037 6883 7137 9825 9579 1059
18 7928 9538 9313 4877 949 6161 3159 2190 7508 4217 4539 1459 4603 4144 6303 4102 9051 7345
11 1138 6399 2551 3708 7028 3806 8537 3217 2655 9755 7469
17 9084 4792 66 2900 4772 8767 3938 9229 8909 8039 235 819 3515 2199 8678 3720 255
20 1543 5218 8021 4247 9543 6437 9681 8590 7807 5537 6565 4258 6953 3538 1034 1583 2478 7497 3419 787
19 5497 8449 761 8290 9191 2497 6513 6251 8438 1965 7072 9363 9822 261 1566 793 2518 5056 7216
22 7475 6265 5934 1634 8447 9950 6982 4204 7551 9080 34 8181 286 4571 6838 3937 1608 7944 9064 7538 2723 9279
20 4309 656 3384 4872 4642 4050 7830 3124 3269 1999 4038 1591 8549 8697 2674 9491 7094 7225 7317 5972
24 2520 7088 8713 7580 1930 196 8225 2515 6873 8591 2957 8817 3328 379 6692 4552 4342 5765 5019 2789 5365 4132 6986 317
18 4948 5699 3907 4764 2119 6332 7958 1911 676 4039 3805 2150 2803 4073 340 7055 8153 8442
19 5598 7092 8575 5237 6247 3534 7014 7205 9153 8516 8852 2950 1743 9618 2146 3552 4616 4797 7930
19 1866 8652 141 9838 4318 8413 7502 1747 260 7643 8772 6459 6486 5186 8288 8056 450 3766 9
21 5282 8681 4713 5193 607 4654 6713 5700 3717 970 6743 2682 7914 7510 8027 8851 5135 8064 9911 528 3624
21 5615 5477 7692 1997 6121 1211 7208 4787 5351 6821 9139 209 9930 6734 692 9077 9327 178 2438 309 4317
12 277 9071 1723 5837 4246 8950 3291 6778 866 2733 1096 8780
21 3564 7129 8698 3373 1276 8667 8820 1628 4992 1033 4343 5313 2037 7897 6284 517 7247 940 650 341 9446
19 3245 7040 7255 4068 5901 8300 2513 622 1604 9962 4746 1175 369 7462 3058 1229 9518 2965 2433
11 3758 2217 9751 2663 8259 4366 7750 1042 6033 2093 9186
14 311 2115 9378 4477 8289 3438 6320 1719 6352 7734 3628 308 1712 5462
23 5716 9325 6739 8376 5465 2082 6566 7077 4443 1132 3550 4804 5864 546 2419 3508 6937 5079 5153 7780 4707 6391 4998
13 3067 9314 896 8629 147 9238 5971 9779 5243 1208 9113 7454 189
20 5890 3196 9625 241 2072 780 6078 1532 8745 7210 8121 1857 7549 9163 3874 9858 4382 3320 5740 959
21 328 7685 4171 6689 3669 852 8951 4256 3537 7570 4739 3532 4651 8459 6938 9445 3392 9500 4950 6432 1481
19 9965 4056 8989 6101 6188 8075 3092 5486 2857 979 8645 2351 8432 1979 8399 198 4169 776 7973
6 4693 208 849 4532 3317 7227
19 2883 6023 7211 6491 2234 4854 85 9300 3905 3121 5352 4634 505 5807 8936 6926 6530 539 201
18 6239 8155 3833 8953 5472 5584 9948 5582 3796 9348 5228 703 6604 3201 4148 115 681 9057
20 4648 6058 7372 3991 4940 9980 5442 1031 6674 9012 481 2552 5635 6036 6431 5755 9047 2842 673 1180
10 7104 8773 1509 6835 5039 9535 8355 9715 3854 1969
22 3294 6652 3958 156 3735 15 9190 8421 716 636 4497 3483 8928 2160 1781 4625 3282 30 8709 9040 6140 4174
20 7230 172 9617 2523 1024 3377 5792 2348 9420 6648 714 8922 4849 7796 2510 6472 5353 2472 3516 2204
15 945 8351 7020 8878 5417 6974 2214 4371 6077 3777 4609 2496 8757 6440 2654
18 8262 3030 5425 3104 7266 4279 2247 8842 6319 4845 6554 9982 8051 6427 6525 9248 7618 9437
22 6913 2020 7808 7493 292 6896 1800 582 8099 8293 1875 50 3639 1498 3881 3726 6040 8875 8109 8381 1440 6588
22 2465 7465 4585 6618 5782 5201 2383 5240 2390 9136 2431 997 7149 9447 1342 904 4386 4480 1556 8307 2262 258
20 1372 3068 7253 6784 2543 7226 7381 6762 1804 7370 8492 6179 126 8312 3913 2350 1265 7113 9470 4468
15 1492 8309 1256 4895 5082 9284 1981 7668 310 3401 8914 4179 4946 4183 6318
19 3197 2881 2426 5888 5566 2126 987 2470 9469 1629 283 514 114 8170 4533 3008 8565 2763 4548
12 7141 8133 6836 444 1620 354 4099 4744 7392 1145 2109 1376
19 7329 3541 3047 2904 4875 671 5279 7763 3867 2504 1920 2398 1516 1947 6416 5997 2739 7127 349
19 19 3891 95 3325 9633 7513 2021 456 4345 3082 8335 5383 1554 5965 2063 5871 3882 5781 7596
16 3168 8614 8190 6098 2467 3789 6764 8188 1199 3007 2178 6855 3659 339 9073 5562
13 3457 9037 1223 7463 1251 6961 6138 8237 7562 8719 3900 8836 5178
18 7965 8055 7019 3430 4628 3493 137 7741 2557 5801 1298 135 6071 9857 8983 9903 9877 2545
15 7657 372 4481 3044 529 9263 9410 3686 4789 7108 2796 7480 2013 3981 6941
16 6694 3112 922 5902 7561 5009 8094 230 552 2874 6655 2960 6777 889 701 7779
24 1528 57 3596 9128 4666 2141 9790 683 5503 5520 9652 4137 4395 9060 8504 4106 9093 9161 2471 1401 7324 2405 8096 7478
21 6115 1111 649 4602 5756 7267 4884 1879 4276 2236 6469 4370 6162 4565 3060 2527 3960 4743 5195 5789 7385
18 9523 4704 2140 3826 4008 1177 5184 9101 7414 7167 8200 4398 7945 4168 8117 5378 4226 5239
14 1978 4913 1104 35 1791 7503 4423 8599 4385 9762 3348 9173 2001 134
16 445 6244 1480 5967 6562 9054 3228 1008 8339 9724 8220 5260 2075 3594 2582 7721
19 1664 8962 1755 3636 6987 6848 5045 7389 1513 1842 536 7998 5107 2473 1567 7675 8579 6055 9767
21 2135 9819 9563 8239 4154 4125 1534 4979 2921 1827 7365 4874 969 3345 589 3506 63 725 7560 5128 4610
15 6916 6160 8464 3326 3601 8182 3077 9649 2264 3230 2387 3876 6528 791 9501
21 8329 8529 5369 4404 4213 9813 5473 4566 9474 6378 3439 8357 3888 9453 3152 8759 891 228 6435 8734 2946
13 8703 4914 4376 741 7464 694 2111 2343 5624 547 7132 3600 7305
13 3988 9705 6912 9566 3501 7598 4503 1368 4053 9385 9295 7659 9793
18 7952 9202 8848 6426 5289 353 2649 686 5614 1182 3752 1787 8822 8706 3568 8741 6653 1292
5 8578 9249 9584 3486 1155
17 9305 726 9628 8739 8272 3970 7662 332 3704 5103 7727 2306 4543 7671 8264 2193 5927
3 606 892 2384
19 5445 2112 1944 5457 5954 2479 2401 3701 5502 2756 4299 4535 6951 5013 6619 1070 8743 4721 6594
19 7070 8219 7816 6168 1005 4832 7630 7528 3738 4762 7875 5574 4809 6628 7786 4313 5349 4668 8460
19 1305 3585 8955 2008 1232 8477 2291 9436 8077 6758 4100 917 5448 4999 6347 5249 5770 2283 4692
20 4377 5955 212 6498 4209 4264 4406 4805 3748 2694 4801 4244 6270 1331 4280 8853 4681 8570 7369 6049
17 3156 210 1884 2893 9657 688 5382 7507 7333 7674 1769 6511 6826 5185 2067 5209 6211
7 2949 5332 5957 4259 3354 3006 3225
19 8175 7406 3557 4196 7043 9388 5187 4906 6475 2209 696 2295 4740 9029 5145 6106 7853 5980 7839
19 1335 4028 4078 2235 76 3462 5684 744 1078 9333 9706 8115 116 6709 8400 8661 2392 9105 3268
23 4094 3442 4355 6966 4938 5040 1692 7446 7933 3498 682 8872 11 8252 9991 8531 9001 3918 7798 6034 2003 9008 8107
15 4435 7171 7048 982 93 3606 6601 8993 2231 3231 5083 3873 3714 9425 7453
19 8292 1777 3050 4965 9023 3261 6155 1328 3919 4903 5180 6235 2012 8287 9672 388 2974 3095 1812
22 6851 6430 9952 4653 8395 2 4014 2916 6574 2213 4989 4871 7573 8963 1461 2484 4461 7139 9245 4814 5146 8286
14 7557 8157 2015 4270 9299 4440 9872 621 1416 6823 9006 5468 9280 2437
13 2056 5771 5241 5070 5990 2626 6722 3865 5167 7284 7443 8478 2895
11 3603 7709 7224 2393 645 6857 9763 1538 3868 3003 8142
14 9626 4507 3468 4200 4302 7347 9886 4026 94 2761 7703 5986 581 5846
22 5090 2711 1970 8028 3583 7361 4250 5656 8284 2041 7746 7887 3511 2044 1814 7777 2699 6406 9605 3653 3171 8234
20 4910 6645 2184 5879 39 3699 2613 4060 2025 1179 4890 6299 1853 6047 4322 2066 5898 8358 314 7859
20 1269 7576 2937 4515 1537 6874 4970 4064 2048 4675 3553 1717 909 5336 2546 5564 8805 4754 9066 9189
22 7186 1228 2453 3146 5860 4062 5569 7912 7967 8261 405 7383 5827 1657 2404 358 8004 4201 8050 4780 1025 8095
13 854 6942 5799 8505 9038 2737 365 8798 173 8691 2407 1072 9418
13 4665 6922 4973 5636 1309 5769 1319 3782 6886 3509 7106 6256 40
11 6607 493 7355 5323 5992 5194 2092 6506 7706 3567 1847
20 9411 8102 550 9640 4699 9482 4105 3049 2084 9018 2051 2154 4155 8125 6325 8536 2517 7995 9343 8320
20 8675 3017 8379 8783 843 1081 7770 8610 4777 3924 8987 9870 4336 2561 3668 7775 7470 407 9843 470
14 1869 655 9127 8956 6946 9789 8830 8431 7231 6905 9828 2971 8494 872
8 5335 1874 8184 9839 3379 9807 1291 3376
19 9401 4225 5507 7988 5816 4819 1281 1597 4830 5347 2676 4187 6180 3499 5165 8344 8834 6373 2872
22 6849 3190 1910 146 3790 9641 3986 2635 9150 6833 5981 1702 5534 5211 4263 7187 5529 6174 9324 5236 1940 3452
9 6004 3972 8637 6749 691 2907 8800 6597 3647
18 24 7114 3418 6237 2180 1433 5238 7665 487 3650 8416 7711 1819 5475 7740 9468 7514 8931
16 9137 166 9345 1002 8547 9884 81 8297 7883 7016 6683 7486 9713 2425 3131 5645
25 4346 5668 9104 7628 98 6159 7102 1598 4658 1235 8314 2023 1224 2309 7738 9368 8742 6254 334 62 3166 7523 7672 5617 7050
16 7768 3420 1113 1831 3174 5583 4405 7778 2766 3061 5660 3502 1754 4182 4963 6589
23 530 8803 8118 7323 2352 8806 47 7384 8693 6908 9963 6308 6064 2667 9110 453 3979 6532 1130 2071 9302 351 9732
21 3855 3176 1729 6579 6670 2429 3925 2942 8545 7220 4221 155 2590 7921 1850 6549 4550 7200 4974 5062 4567
20 7677 1346 7457 708 7799 2332 8560 7282 5391 4880 5619 9687 7271 3794 4453 4030 3011 2396 1183 1585
18 9627 3375 2738 5359 7691 254 2525 6009 871 5738 4415 2572 373 2514 3144 8829 3357 7233
23 4455 5746 1745 739 8984 9475 4141 4711 2151 282 916 516 256 2633 4036 8749 6083 9933 7447 7159 5385 1811 1648
7 5387 7690 957 8194 8715 2979 3358
23 6424 1601 560 7792 8035 6708 3565 122 2924 3053 408 2947 1578 827 7797 5200 2229 2440 6754 1028 7664 6773 3957
13 1097 2934 2605 6729 6333 4352 8650 4089 765 6286 7124 628 5141
6 9267 3036 8965 1896 7060 7684
22 5235 4421 8346 8520 7567 7287 7594 9321 8597 5600 8748 6442 6061 2142 5154 1417 875 785 7511 6231 788 2985
15 3281 9316 1349 6031 1218 9416 3308 7254 6075 9603 5577 5940 9692 804 7484
10 9306 3632 775 7837 7804 52 4114 3587 8598 4952
12 3572 1625 2297 1460 5802 4889 931 4960 2889 2911 5671 5833
20 6831 5751 2930 6967 6550 9033 6716 3139 3574 1217 6932 1612 6560 8231 5945 8533 4290 45 9873 9966
19 9412 8425 1550 1430 9981 4944 239 8991 8209 5074 8081 8498 5532 8912 7003 6267 952 3548 6037
17 7471 2036 1272 6173 2424 6474 498 2505 3114 397 1839 2662 1260 8245 6962 3942 9427
20 1635 1773 9273 1330 7004 7812 5451 6326 7626 7397 4512 9944 1688 4389 1197 6454 158 9340 5429 3449
16 5517 830 9466 5663 9481 3729 545 7326 5155 2452 5191 6082 2186 8017 5015 469
14 4112 2026 8892 3839 9219 5393 1394 9556 6292 5952 5906 3763 8116 5444
7 474 2578 1192 2892 2549 2970 5703
13 2788 9068 7135 1803 8160 7461 5114 2607 5951 6957 9848 3091 4660
14 7585 6575 1422 6125 4119 3193 9268 7961 2923 3598 3878 9683 1792 9493
15 1593 7243 8128 3732 5012 4328 8644 5356 3381 1168 1590 1631 1806 191 6979
12 4885 511 6541 5014 5995 720 6398 3052 3489 782 7091 4070
21 519 3170 1627 9761 5847 9968 2174 6605 5844 5849 5309 1371 5804 3437 2124 789 345 981 6501 8589 6396
9 672 1986 9744 1271 4167 7636 3459 3573 9927
16 627 6547 2928 4066 6771 1431 1921 7661 6243 105 4919 1188 6142 7658 9861 1397
19 6110 9757 5602 9702 2304 402 1872 9361 9392 7949 3421 215 814 8819 7063 7500 8975 7584 3423
17 7499 8708 3276 9737 4689 7900 8682 886 8760 8995 1169 67 9754 6531 2500 7483 2727
20 1757 9926 6663 3775 6865 7525 2395 4058 6882 5878 2580 6006 9062 5315 1308 5422 9949 6287 9197 110
24 8559 3544 169 5300 5757 3160 9847 1453 1716 3340 867 4587 996 3602 8233 5310 3374 2708 9727 3037 7755 6787 6543 5073
5 3654 596 5488 5164 4065
18 1609 8856 8198 3203 9817 6839 2717 2284 4920 670 4964 7782 3293 6810 3481 1073 6105 4976
17 2278 502 4673 7380 8073 9152 3842 1471 2360 7971 5610 1032 1241 1766 2302 8270 3234
13 6418 8566 2107 4652 3169 3799 7237 3556 7298 4985 542 1423 8968
6 5227 3655 5263 4347 6013 8967
20 6189 6202 2207 8831 3108 482 8546 8105 5427 5007 4211 71 2137 4037 1283 4596 1971 4222 6788 436
20 8024 7438 9731 1595 1873 8277 6989 7407 433 4429 6068 2632 808 6324 3368 5255 7142 9091 5621 7788
14 6150 2464 9370 8079 3783 1733 2777 8821 5041 2274 9019 5081 2195 6535
22 3527 4544 6409 6393 4866 9319 150 5626 2016 7474 2526 6359 8003 3361 2778 4912 7529 5297 5943 4514 9519 8380
21 4742 9806 7477 1725 6538 7010 5710 2589 3487 1937 7417 2640 2850 5605 3774 9096 2792 3018 6146 2647 7639
20 3333 2912 7162 2867 2885 4821 9100 8750 5962 8672 3757 6337 5181 6309 2532 167 2435 1270 2877 8206
25 6656 6296 284 7548 4327 8869 9613 280 9195 9785 9874 2323 1098 1501 3912 6030 2587 2018 9344 584 4524 3056 427 2458 2005
20 1815 6076 2275 715 5764 2164 1870 3593 10 733 118 2303 1610 2918 8911 9379 9204 6860 6998 7981
21 8342 8167 5713 1521 5933 4696 9362 8620 9512 4828 841 586 5132 6704 905 2524 4464 2707 4684 8341 6973
20 7229 4017 4546 3773 6571 4035 9722 2771 8688 7217 883 7363 7248 3209 3118 4368 3241 2378 5521 2331
18 3371 6024 4205 908 8343 6977 9867 8512 4775 6636 1854 7754 2743 8635 1468 2054 7336 4403
16 2774 921 6634 8373 2179 3843 812 318 5511 2239 8362 9621 4110 9094 9798 1506
7 610 9121 7962 9946 1016 1899 2870
23 6412 2385 7687 3133 2167 8038 4441 9237 370 22 250 2732 9460 2420 9242 1649 9688 8140 8005 1184 8479 8240 7409
21 8509 8112 942 802 9485 3119 6128 1041 5858 4452 8583 5908 4055 7076 6928 6551 7827 5104 574 3303 139
13 7640 7494 2673 4863 7490 4411 3788 7262 3661 9551 4674 1133 5787
6 8204 4966 8631 2415 7078 5983
5 3743 1735 5712 5500 2176
12 9003 8462 7246 2292 1752 3510 5008 2762 1891 3829 1477 1785
22 9901 2651 9743 4245 6638 4002 5054 2596 9089 7504 177 2834 3590 7550 7872 8651 6328 3834 5641 4312 3071 1588
14 1993 9166 1326 599 7109 249 3649 838 4304 8011 8752 6017 2672 9659
20 961 8146 2313 1560 5662 3754 9292 1768 7321 659 7259 7006 7689 6682 3382 1171 4810 3635 6468 3563
19 297 6133 55 8876 6584 3722 2614 618 2938 9554 8291 4356 1181 6471 4629 6561 9979 3980 9697
20 3103 417 1835 6633 3974 5250 3307 3495 9185 279 3163 1444 2466 9240 4574 6027 9893 8924 5796 5242
9 4687 6402 2675 3482 7931 448 4248 7682 9459
18 7318 1170 9282 583 2240 5017 7148 3338 4584 3828 1996 2687 4084 6369 3142 604 3995 333
11 4829 6898 4164 1458 7212 5482 9758 5947 8472 8500 6209
17 1888 5601 29 6248 7342 8298 7707 3262 9458 3967 698 7331 1167 7435 1533 8172 3227
20 4637 6048 2661 2377 2748 4150 2729 5913 7726 1474 154 8034 1828 6001 25 2896 9973 9074 4082 6635
20 9581 4494 7156 5433 4782 2599 7440 7286 1266 5032 1876 678 5734 2984 6887 3258 5206 4934 5326 2943
20 3549 7190 704 4781 4709 9574 477 5210 1840 5548 267 1889 387 6880 4619 7815 5259 7970 4161 6781
20 268 9503 193 3740 7085 9658 4942 357 8916 907 8725 880 9598 4853 3678 3955 1678 9978 5568 5492
22 7957 5970 7840 6757 4300 1584 3490 2248 3009 1012 9224 6203 3360 7790 3818 5496 1464 363 4146 5580 2598 6696
17 2519 8086 6884 3798 1004 6772 9928 3645 7086 3682 2611 9924 9943 4340 5277 7544 3864
19 4214 4643 9738 7903 8072 9015 7857 9972 9988 2684 7534 3332 8584 3365 5527 5384 7850 5869 7806
19 4894 3816 8671 902 1102 2089 3772 338 1914 2653 4388 870 7498 3372 227 7367 42 2995 7023
21 920 6742 439 3366 7609 5709 1201 9022 3271 3474 847 152 9102 5350 7745 3909 1063 2994 3759 3964 4272
18 5693 6172 6493 3073 7045 881 9457 6331 537 7865 3404 7360 5168 2757 3935 6183 1582 2701
16 222 6711 6329 2919 7787 5777 9487 1146 2279 7532 1934 1117 413 2630 8608 2091
22 3444 7451 5213 9133 7401 9106 7647 7278 7579 9917 5453 8228 6556 5882 96 7622 7729 9951 1666 9293 1893 8313
23 273 975 1323 3770 1332 4031 2074 1963 428 1955 7627 9629 8316 6167 8403 7890 5484 8969 1413 6728 4534 2703 1329
19 769 7554 8979 6305 8485 4558 6120 8799 7823 7650 6567 1932 1761 9039 8250 2560 72 8746 5780
19 5424 4761 3029 8782 6360 6642 8150 1496 774 8029 3915 1770 884 8689 7308 2621 5518 5759 8986
14 9675 7934 5711 9171 6745 8542 9480 6103 3895 5374 3004 2807 8356 5506
18 3869 4525 1637 4677 5885 7140 3433 9298 5367 4608 2413 9844 2434 767 4131 3996 7280 8487
14 1867 4115 5996 8585 5400 3785 873 8254 6797 4627 1933 1391 7096 2125
21 2917 5686 9165 1013 2648 9800 7344 6122 6925 4007 7619 518 6680 3145 7107 179 6374 9218 2966 2767 6546
22 6901 9557 2079 7422 3424 9987 2710 7274 3395 3116 9594 8065 237 496 7199 2388 404 2871 8205 281 7905 5177
17 7913 7712 2039 7849 9247 6446 3496 8074 2416 8469 9016 4562 8899 2088 3226 6175 3106
9 8518 1386 1630 7398 4807 3054 199 5567 3321
19 700 3414 7595 5245 1587 3038 9837 991 7749 2086 4526 8811 2932 4722 1571 6640 8315 1321 7932
18 5192 5868 9815 2600 8990 2754 8917 7179 1790 668 1671 7505 7521 2201 4487 640 6954 4611
23 2356 4475 3921 5875 3267 8101 4489 90 2645 813 7960 9188 7292 7099 6906 6313 9222 5337 2726 5131 4463 7400 6577
10 7399 1968 6902 4285 3851 897 9632 6519 6930 8071
15 84 8328 4260 7764 7193 194 6808 6042 2602 6089 567 1789 4436 6564 3192
14 9393 3051 2639 2108 3362 4802 8906 4306 8026 33 4508 4598 9124 1152
19 7429 7889 5808 8042 1734 315 4784 6939 3222 1393 3747 3263 7037 6134 6578 4621 2087 4669 1166
21 2571 9087 2681 9394 6818 2927 4496 9784 5222 9929 8763 3997 5999 4360 9403 6056 815 8208 8894 1763 5247
19 3253 1565 6752 7150 161 4834 9799 8603 4358 5220 8294 8958 577 426 9149 2344 2775 3070 6301
19 6783 6293 4888 1685 6699 5559 7927 6131 8415 5530 3191 7939 121 5329 7774 9959 1548 8845 7991
20 5299 7710 9199 9463 1355 1681 3316 4686 2116 2374 524 4123 3164 1656 3472 3982 6341 2811 236 7821
21 88 206 8445 1500 9992 2972 5892 7065 8785 5704 8539 2122 1941 754 4727 1917 9678 2485 9021 8281 9646
19 1315 2999 8176 1257 3666 2315 4879 3292 6008 510 3808 2447 3045 7871 335 7299 9372 1214 3983
11 1992 9546 9595 8640 2482 7654 5386 2805 5340 5292 7613
23 2920 4706 4228 7232 6746 8615 6832 6920 2330 3266 6149 4278 7145 3689 7620 6774 919 53 7022 2446 6852 4943 5767
24 3607 381 5678 5783 1250 494 8827 5305 6366 1402 4770 4323 9879 151 2768 4575 9730 9856 7492 8577 5938 6092 440 5752
13 303 7864 2442 3220 1700 9405 4046 1746 8656 6940 6540 634 2288
22 2432 3411 842 6903 3530 1799 6659 4825 1387 2468 8247 8018 7531 4198 3331 9386 8353 848 4051 4380 2522 4688
14 4839 2536 100 9429 7555 2110 7301 3845 9694 3578 2584 3352 3389 4573
14 5324 7428 4139 8840 2216 4045 1783 5779 5632 1154 3213 9835 6798 1563
21 5205 3129 8085 9406 8823 6909 9897 3443 6420 7732 9130 657 5651 9506 1388 1382 9230 6688 4589 5197 9063
20 6307 9254 3409 7445 7103 4705 1470 9000 9228 6558 821 2882 9135 7616 4016 6868 7354 5643 3290 8919
14 2566 8758 4128 7737 9547 1603 1985 5271 6259 7275 9957 2161 3801 9358
22 1267 5628 374 711 3475 9859 1106 3123 232 3657 214 9498 1302 1457 6094 1253 8418 5321 2980 1219 5389 5320
23 7116 4349 9011 1710 342 4282 8534 3691 3450 6462 740 6253 3182 4001 2804 5984 7817 9964 9356 7592 1358 2370 2481
21 2512 3830 4657 8737 846 1660 1121 4274 8659 5006 5959 412 3127 2841 1856 8841 903 3161 5151 7885 6394
21 3148 6740 7558 1949 865 6059 3416 4878 5042 5525 5824 4835 521 2997 127 2381 1832 2043 4254 721 101
21 5025 8458 7846 697 1589 4594 1897 9778 8268 4718 9043 1756 1320 1541 4482 1463 4773 4856 7765 3235 4287
13 4080 5554 2105 7234 3469 3181 5172 2198 4528 1519 8639 8935 6281
21 3976 6069 2060 300 9769 6198 9631 5794 7757 5317 9441 6137 4902 1727 8692 7858 6801 2574 2336 985 2237
12 4233 7704 4387 1564 951 9376 4159 9774 3210 3930 9945 6515
20 6003 9409 6316 2975 7891 2241 1436 9889 8493 5106 1499 6234 8318 4152 1606 555 7158 9415 4456 2423
6 3821 9680 823 245 3646 7013
21 9078 6536 1160 660 7876 2791 3436 6625 9278 6387 862 7637 9975 2085 6382 4975 7819 2014 7607 3074 2443
20 3817 6327 7434 7843 7666 382 9072 863 7353 1502 9701 1450 4470 5088 6679 1836 6436 4837 9667 5204
15 9864 3866 2835 7394 6756 6678 2793 2903 4915 5396 276 14 5075 6617 4126
16 9559 8588 2245 91 3531 4048 3173 8244 5680 1162 7046 2317 1818 8144 2474 2192
23 9707 9291 6877 7569 5112 4703 8263 133 9804 699 8481 1672 2040 9053 878 6861 1236 9788 777 1112 4581 6796 8015
19 6804 32 266 2657 5161 6641 8020 7663 4232 8550 3221 2837 2068 1679 8679 1125 5594 9041 9997
20 4842 3795 4207 8945 1676 4636 1345 6975 5675 7101 7935 9244 8961 8721 9285 9155 9142 5357 6673 1611
20 5887 2696 665 2261 3793 9710 320 2670 5872 1493 4850 484 37 1243 9236 7071 2290 9170 4257 9760
20 1530 8786 5466 4293 3584 8609 6425 4957 6741 2128 8127 2948 7635 449 1071 9588 4081 7377 1802 736
20 6765 9890 168 5998 1942 8266 6730 3476 3940 2254 963 7273 9572 186 8366 684 2369 1334 7378 6028
6 1512 1079 4223 1046 9141 7716
20 8978 4867 7456 1689 2375 8426 4549 6164 3673 5005 2368 7653 9647 3096 1975 8092 8186 1617 4791 5319
18 5089 1830 986 5304 9151 9526 5907 674 6062 9330 5622 4798 8992 2359 3187 9492 1670 8483
20 8586 6710 6965 7941 9871 501 1902 3278 1307 6863 2104 4824 4954 7966 5487 2860 2266 7785 8041 3529
21 8104 8555 8378 3779 8444 2568 6197 275 4876 5552 8562 7848 7062 9725 6497 895 1029 6114 1759 9653 8066
22 568 9156 6392 3425 4720 5523 6345 2899 8903 2745 5411 9941 7564 1409 760 6215 7153 9028 999 9455 7736 2127
17 4935 2293 2981 2220 6165 2228 9407 4857 7802 7090 4409 7330 5608 8427 2400 9862 5762
19 6304 4255 5491 3710 6751 6563 8159 543 1469 1945 1449 4748 5278 803 5379 2801 4632 7027 4438
23 8489 4536 5535 1862 462 8973 4170 8918 6268 728 4930 3319 608 4330 6297 3247 7893 7895 3707 7902 9428 2749 5768
17 3540 853 9182 4249 4924 2702 8933 6593 3432 8108 5638 3195 8242 1103 4995 2339 5928
13 4794 9805 7572 6381 9752 3608 2362 6557 5026 1762 6666 3385 5355
6 9869 4733 1994 348 6587 6321
25 6206 9511 64 1697 7874 7922 2314 8189 9419 5655 1065 5963 9969 7294 1151 8010 7155 9125 5338 8655 8491 6443 7412 3151 103
19 1995 9140 1369 876 8970 5495 3470 7648 6629 6389 9408 5036 2808 3353 6344 9553 8436 7835 2157
14 563 2539 9866 7322 8524 5171 806 8733 8476 3706 123 8944 5917 3441
21 8310 3605 9610 9452 3721 4495 6002 3463 1424 4136 7610 7479 8258 2931 9904 2489 1915 7012 7328 1026 5750
14 2784 1384 6698 506 3403 5208 9421 4607 658 3101 9194 8976 5314 8192
16 3692 3105 1441 9349 8616 6763 4710 6776 3962 3916 2891 5330 6510 915 6936 6217
19 2316 7956 3138 3859 9192 935 1551 120 5301 7543 4033 7907 9686 3078 7030 5217 5 9585 2894
22 2838 8868 1491 7512 3205 2382 6181 8796 4043 6859 544 9593 520 1420 359 7128 7838 1954 3695 7419 6166 4859
21 4848 2783 3875 4756 8062 7984 6379 1110 3524 4690 2715 8564 4433 3599 1775 6072 3577 9516 4765 460 5893
19 5654 7041 2787 1721 2444 5188 6799 1860 9175 7683 946 7352 3953 288 4454 7694 5229 9212 5096
16 3329 2695 3675 7882 8573 9070 5541 6414 5715 5904 9400 5183 1421 3810 3272 4408
22 8784 6220 992 9561 2809 7873 6480 7793 9442 9132 1316 2856 1690 1988 5793 2459 3309 5805 8985 99 5345 4419
21 825 4153 1010 3477 164 2061 7000 8530 9832 4682 9183 1233 3973 9092 3784 1924 6660 46 2678 7520 1925
14 6361 8448 6526 9030 463 7180 3765 5941 928 1381 6395 2616 595 9797
5 1984 7612 5295 8595 7575
21 6410 6843 6985 8207 2455 9611 4266 5702 7164 1668 7588 8662 515 9742 3933 1675 3822 2978 834 2833 9162
22 8370 3239 9402 403 4227 5405 724 5514 4591 278 5023 3135 4074 8475 8812 9310 9381 3300 6097 2422 1669 4864
22 489 2828 8213 5287 6580 1048 6263 8173 7081 2861 930 3841 2045 2688 8896 2102 5105 3194 8764 5732 9540 9177
13 200 5189 2686 1475 8816 2335 4426 1429 5958 485 7987 2311 364
25 4428 6338 7884 5576 9537 6885 3512 7312 6422 8093 3893 512 7007 7982 5136 6714 4486 3764 9352 9261 9855 8771 2575 6447 1991
18 9670 4208 7172 9046 6255 272 6858 2017 5169 5481 6572 8496 5590 6109 5823 9699 3581 2734
2 5721 2418
13 5049 8795 1613 713 2751 1314 2741 9833 6646 113 8014 8354 111
9 7862 7811 5134 7466 9456 6282 5914 4579 1148
14 9768 9619 553 4749 2397 1871 1051 4840 4644 1069 3100 4413 1728 9542
24 4601 8728 772 934 6455 6921 779 6261 965 3072 3894 2414 7403 5372 5694 1687 8643 3948 5231 6671 8568 2915 4498 2643
22 3555 6502 4826 8434 1412 709 9246 1392 8761 5050 5027 4523 3428 5993 941 1904 8456 4466 3355 4860 8391 6310
25 6706 92 1189 2399 9684 9823 2206 541 9496 6213 1741 1255 3299 7605 2990 9111 3342 1075 3823 6658 1765 3634 3906 1411 654
23 3024 8302 5766 2706 3394 2171 3625 5308 6020 8833 6996 1886 5166 7420 6488 7178 7306 1960 468 7491 6449 2534 9434
6 7314 2511 3147 9179 6385 9346
19 5510 119 6186 6767 6871 5743 6864 3952 1861 9570 8883 1310 2642 7747 6945 2716 735 1482 9148
21 109 1503 9477 5809 2556 5838 9288 6643 967 2451 3446 6376 9704 1434 8390 9315 5966 9342 8394 1618 4357
16 8203 8158 2781 6984 1282 5123 4093 7860 2299 6747 8348 2183 6915 3767 1797 2194
22 2106 3840 661 7686 7334 2714 8334 183 3211 1989 6264 1432 2646 5102 87 1122 9812 9529 3260 4422 540 6306
22 734 7174 1738 6450 4939 7633 8246 7516 5558 8428 2256 2542 7868 771 5196 8871 7033 4294 8754 5772 2624 2933
23 2436 1784 9144 9341 3157 9187 6927 9424 1466 2033 8283 6192 3847 2462 4827 1807 3155 3306 2588 7644 4061 4513 6118
12 666 3947 2765 6054 7272 4334 5706 7195 80 6812 8810 6845
20 271 6119 9830 9729 355 5306 5829 4394 3992 5835 2955 2461 3085 5498 6726 2906 6622 8904 4516 9169
16 8435 2973 6649 6969 9478 4667 5143 2153 202 1767 3751 6362 9655 9471 6408 6744
21 6875 5717 5426 833 6529 9114 4698 6800 442 6755 7656 1596 8544 7387 5403 7541 6516 2863 4928 5550 4237
20 6123 41 6924 3990 4113 8179 1186 3731 4326 6609 6380 3968 2852 6091 4373 1099 9318 4083 1296 259
12 9691 4090 9364 9116 1415 4499 9026 9882 742 1810 2740 1922
21 7357 4815 7693 1553 475 2969 7645 1913 7501 9510 43 8593 5483 2232 9524 2058 8032 2759 7258 7880 6948
12 8711 5540 1286 6736 9337 3680 9907 3610 3297 5932 4519 2460
6 2147 483 6216 3513 8902 5991
22 5856 615 2992 6012 5064 4117 8932 826 3910 9395 6608 9602 4870 824 2810 9571 4004 4235 9708 8702 7313 7892
22 5948 1054 3167 6630 2324 8988 7197 252 2713 9234 5729 4289 9055 7578 5648 4262 77 3832 386 2149 4745 6598
20 5113 9549 5034 9002 6067 4111 1252 4297 2498 8470 9902 6803 8576 2052 1017 6785 2690 5830 5546 1021
19 4437 5381 1221 9031 2790 6451 1294 2959 6806 2042 9444 3137 1525 6232 509 5905 8495 9660 1616
15 400 1206 947 8143 5116 305 3575 2988 5267 5199 4708 6184 3296 5223 2827
12 5744 6718 3629 6484 7929 4947 6669 97 4400 233 7439 294
23 9347 378 6842 4664 8401 9513 3451 6910 1686 2156 5611 7327 5921 6219 1239 1196 4638 414 9017 429 8457 8657 5736
11 3951 7188 1845 3249 8686 3370 6662 2477 8960 4314 8306
20 768 5620 8134 1771 8212 2665 6413 1357 4173 5052 3022 2832 2753 3079 8474 6095 5822 2367 4997 1517
10 5086 2963 4959 5866 2641 1580 8257 4555 9052 306
18 2720 956 4855 8642 6340 9645 9809 8843 5031 6298 1508 6727 8627 5556 7910 4618 4559 5581
5 423 565 7877 9265 7468
27 394 2559 497 1263 5861 8854 9226 2622 5256 8551 1967 7296 2076 5093 5650 3391 2565 2817 490 9479 6866 2047 7240 2028 9643 2779 3109
21 5358 6438 9473 1109 5899 8664 8731 8981 6163 6963 5092 7169 9894 8937 591 9081 9353 3592 38 614 9624
23 3546 3445 2480 4353 6672 2935 8510 4623 6415 2996 2417 6802 8646 5343 8668 3815 4576 6790 8031 6236 5667 9373 9095
20 5727 513 3435 4788 8864 2782 352 1907 7679 4098 4012 5303 7599 2340 6100 4917 5447 6126 822 2191
5 9851 187 7263 9846 8227
19 6457 8382 3697 4034 5881 2260 2233 9303 2077 2829 7341 499 9539 5156 2168 9780 8256 9587 6542
23 9974 3849 1511 7117 507 3396 2230 8273 6085 663 2644 8779 6719 9612 3813 6483 2570 9695 9989 564 850 7386 4149
22 9852 4410 1864 7207 4583 3466 1245 8624 4595 5479 7730 4234 7339 4472 5428 2705 7963 6275 861 6421 958 637
12 2166 175 6879 4491 4847 9748 8052 5843 2619 2189 844 6837
7 8890 786 1632 243 5290 9221 8473
13 6735 4593 6476 8774 6029 7769 4758 9225 6552 9044 7421 3944 5418
17 8557 6537 3993 4767 4003 5748 1047 2129 1561 5307 2884 1448 7265 5691 4738 2685 9258
14 4071 9090 799 1655 7829 7009 2501 1143 4893 213 829 9905 1126 1536
17 6139 9685 3966 1220 993 4147 3295 1980 5120 7631 5565 8410 6452 5810 3725 9085 943
23 7553 6485 6639 7134 3622 2982 1176 4087 4645 689 1396 5519 1776 6733 5061 2328 620 3013 2925 810 602 642 7073
14 8699 4194 8367 6280 5160 7444 7098 8164 4881 7866 7291 3660 1049 3551
20 3236 4109 8747 8506 2802 8952 216 5976 4921 4219 8705 1640 9375 5642 3215 8408 3219 5216 3519 9783
19 2986 3616 1557 8274 646 3149 3802 639 4121 5101 7021 1707 1816 2567 5152 7652 347 2569 8858
10 8484 375 4450 7066 9328 6602 1779 6312 8695 1778
18 190 7861 6132 3334 7080 9270 7176 8813 5094 6171 2380 2403 8776 2744 5722 6846 4774 4172
21 2507 3270 3542 7118 2967 8486 7614 2846 5679 4712 4335 1714 4569 9582 3582 9098 5785 3399 331 5252 4447
21 7320 1794 9564 2797 3885 4986 6021 2439 2722 4624 1352 4430 8439 6681 7651 3768 1780 2325 7545 4612 1279
19 2603 4980 753 6570 5087 5818 377 4937 9666 3946 4635 7879 5909 9232 6117 8347 4176 3186 3604
16 6228 9042 5069 9505 9180 8826 8814 5021 6897 6375 4135 8129 8807 7805 9863 4838
21 7993 7196 3623 3989 3672 458 3216 8926 7285 7856 8136 7425 356 3089 1058 1782 727 9562 7388 1278 4927
19 1438 3786 1363 7448 7810 5698 2281 5124 9718 9490 2977 2800 8660 2215 1124 6697 5000 4633 8634
18 9935 1465 5409 5437 6208 2000 5375 6156 5880 8030 8471 125 5261 7340 5919 9689 8602 6876
16 3005 549 3640 601 933 7556 6811 6829 5852 9899 7940 5526 8317 7947 8145 5820
20 6135 4511 1407 8801 2548 6201 6703 9734 3667 9079 1750 9801 7924 2636 8513 367 7841 2101 8974 7697
16 8149 5516 4836 1518 6102 4852 6813 8049 2268 8241 647 6276 6130 6791 1351 1036
16 8736 6786 6222 5212 8502 6900 4685 1709 3547 2956 8016 7125 6929 153 5589 8790
13 1447 1100 159 629 6657 9283 2272 1529 7351 2826 4381 1821 1234
20 3257 4659 6805 4869 6825 1592 5366 8440 9630 8161 929 2263 3761 600 5572 988 4444 8769 9181 5754
15 5440 8338 435 3651 2270 1194 561 723 8135 5221 5863 2057 745 6495 7431
5 6044 6809 832 9065 2718
11 8271 5285 6356 6041 7920 9925 6707 9777 5450 1957 8058
21 9698 3090 7535 3314 751 1443 918 5730 2547 219 6737 6793 1651 346 4831 1916 6383 7919 9984 1793 1
22 6654 9207 1605 730 1364 2132 9118 9075 9939 8446 8873 2875 1428 8930 1885 4238 9919 1373 6891 184 8696 5595
21 8406 6141 9262 9576 459 2402 5214 244 6983 2159 9636 9233 4449 2065 7018 5139 5925 6508 5509 7473 312
12 6780 719 1852 6043 2476 8466 8621 6178 7082 5786 6684 8574
20 6695 3188 4088 9712 7245 4981 7701 857 9462 5929 6856 9322 9665 1977 8600 1039 5066 8224 6144 1077
18 6952 4143 2577 7191 4907 7119 3877 9795 1504 9985 7536 9435 9892 1946 5420 9908 7854 9147
11 2735 6039 1123 7638 4096 5851 1520 2533 8393 8828 3465
14 4307 3200 376 7901 3393 2355 9508 4520 4851 7449 5053 5640 9157 1877
23 6822 7442 8653 4130 6615 9881 5291 5464 7629 1647 6970 3939 1338 130 9027 2341 9880 4655 1405 588 3831 3102 2812
21 6456 617 8882 7097 9433 4806 5579 74 3141 5674 874 5452 2859 6429 7067 6225 9426 3800 3150 1116 5634
11 7293 3739 9696 9620 1324 8193 6290 2031 8437 1165 9483
14 117 2869 5853 4063 3663 9272 7316 2776 5371 4899 6720 4462 860 7413
21 9020 1240 1406 4958 7309 9382 8617 9810 643 4786 1163 319 989 2081 9367 350 8060 9741 5469 4434 2024
12 5402 6252 9397 9143 3908 4582 9728 9534 2379 3917 1303 7801
18 8587 7249 2305 8187 3904 9923 7870 1524 9159 3776 6262 5016 6370 9634 3363 6363 2391 2825
17 1066 8792 6279 1693 6907 5158 8938 223 1539 3027 8383 9235 4190 984 2503 1362 3243
